<?xml version="1.0" encoding="UTF-8"?>
<testsuite xmlns:xsi="http://www.w3.org/2001/XMLSchema-instance" xsi:noNamespaceSchemaLocation="https://maven.apache.org/surefire/maven-surefire-plugin/xsd/surefire-test-report-3.0.xsd" version="3.0" name="com.example.demo.NutritionAppJava2ApplicationTests" time="5.638" tests="1" errors="0" skipped="0" failures="0">
  <properties>
[...]
</properties>
  <testcase name="contextLoads" classname="com.example.demo.NutritionAppJava2ApplicationTests" time="0.254">
    <system-out><![CDATA[13:42:11.319 [main] INFO org.springframework.test.context.support.AnnotationConfigContextLoaderUtils -- Could not detect default configuration classes for test class [com.example.demo.NutritionAppJava2ApplicationTests]: NutritionAppJava2ApplicationTests does not declare any static, non-private, non-final, nested classes annotated with @Configuration.
13:42:11.403 [main] INFO org.springframework.boot.test.context.SpringBootTestContextBootstrapper -- Found @SpringBootConfiguration com.example.demo.NutritionAppJavaApplication for test class com.example.demo.NutritionAppJava2ApplicationTests

  .   ____          _            __ _ _
 /\\ / ___'_ __ _ _(_)_ __  __ _ \ \ \ \
( ( )\___ | '_ | '_| | '_ \/ _` | \ \ \ \
 \\/  ___)| |_)| | | | | || (_| |  ) ) ) )
  '  |____| .__|_| |_|_| |_\__, | / / / /
 =========|_|==============|___/=/_/_/_/
 :: Spring Boot ::                (v3.1.4)

2023-10-24T13:42:11.891+09:00  INFO 12780 --- [           main] c.e.d.NutritionAppJava2ApplicationTests  : Starting NutritionAppJava2ApplicationTests using Java 17.0.8 with PID 12780 (started by user in C:\Users\user\eclipse-workspace\nutrition_app_java_2)
2023-10-24T13:42:11.892+09:00 DEBUG 12780 --- [           main] c.e.d.NutritionAppJava2ApplicationTests  : Running with Spring Boot v3.1.4, Spring v6.0.12
2023-10-24T13:42:11.893+09:00  INFO 12780 --- [           main] c.e.d.NutritionAppJava2ApplicationTests  : No active profile set, falling back to 1 default profile: "default"
2023-10-24T13:42:11.931+09:00 DEBUG 12780 --- [           main] o.s.w.c.s.GenericWebApplicationContext   : Refreshing org.springframework.web.context.support.GenericWebApplicationContext@1051817b
2023-10-24T13:42:12.711+09:00  INFO 12780 --- [           main] .s.d.r.c.RepositoryConfigurationDelegate : Bootstrapping Spring Data JPA repositories in DEFAULT mode.
2023-10-24T13:42:12.790+09:00  INFO 12780 --- [           main] .s.d.r.c.RepositoryConfigurationDelegate : Finished Spring Data repository scanning in 70 ms. Found 3 JPA repository interfaces.
2023-10-24T13:42:13.236+09:00 DEBUG 12780 --- [           main] com.zaxxer.hikari.HikariConfig           : Driver class org.postgresql.Driver found in Thread context class loader jdk.internal.loader.ClassLoaders$AppClassLoader@70dea4e
2023-10-24T13:42:13.339+09:00 DEBUG 12780 --- [           main] com.zaxxer.hikari.HikariConfig           : HikariPool-1 - configuration:
2023-10-24T13:42:13.346+09:00 DEBUG 12780 --- [           main] com.zaxxer.hikari.HikariConfig           : allowPoolSuspension.............false
2023-10-24T13:42:13.346+09:00 DEBUG 12780 --- [           main] com.zaxxer.hikari.HikariConfig           : autoCommit......................true
2023-10-24T13:42:13.346+09:00 DEBUG 12780 --- [           main] com.zaxxer.hikari.HikariConfig           : catalog.........................none
2023-10-24T13:42:13.346+09:00 DEBUG 12780 --- [           main] com.zaxxer.hikari.HikariConfig           : connectionInitSql...............none
2023-10-24T13:42:13.346+09:00 DEBUG 12780 --- [           main] com.zaxxer.hikari.HikariConfig           : connectionTestQuery.............none
2023-10-24T13:42:13.347+09:00 DEBUG 12780 --- [           main] com.zaxxer.hikari.HikariConfig           : connectionTimeout...............30000
2023-10-24T13:42:13.347+09:00 DEBUG 12780 --- [           main] com.zaxxer.hikari.HikariConfig           : dataSource......................none
2023-10-24T13:42:13.347+09:00 DEBUG 12780 --- [           main] com.zaxxer.hikari.HikariConfig           : dataSourceClassName.............none
2023-10-24T13:42:13.347+09:00 DEBUG 12780 --- [           main] com.zaxxer.hikari.HikariConfig           : dataSourceJNDI..................none
2023-10-24T13:42:13.348+09:00 DEBUG 12780 --- [           main] com.zaxxer.hikari.HikariConfig           : dataSourceProperties............{password=<masked>}
2023-10-24T13:42:13.348+09:00 DEBUG 12780 --- [           main] com.zaxxer.hikari.HikariConfig           : driverClassName................."org.postgresql.Driver"
2023-10-24T13:42:13.348+09:00 DEBUG 12780 --- [           main] com.zaxxer.hikari.HikariConfig           : exceptionOverrideClassName......none
2023-10-24T13:42:13.348+09:00 DEBUG 12780 --- [           main] com.zaxxer.hikari.HikariConfig           : healthCheckProperties...........{}
2023-10-24T13:42:13.348+09:00 DEBUG 12780 --- [           main] com.zaxxer.hikari.HikariConfig           : healthCheckRegistry.............none
2023-10-24T13:42:13.349+09:00 DEBUG 12780 --- [           main] com.zaxxer.hikari.HikariConfig           : idleTimeout.....................600000
2023-10-24T13:42:13.349+09:00 DEBUG 12780 --- [           main] com.zaxxer.hikari.HikariConfig           : initializationFailTimeout.......1
2023-10-24T13:42:13.349+09:00 DEBUG 12780 --- [           main] com.zaxxer.hikari.HikariConfig           : isolateInternalQueries..........false
2023-10-24T13:42:13.349+09:00 DEBUG 12780 --- [           main] com.zaxxer.hikari.HikariConfig           : jdbcUrl.........................jdbc:postgresql://localhost:5432/nutrition_app
2023-10-24T13:42:13.349+09:00 DEBUG 12780 --- [           main] com.zaxxer.hikari.HikariConfig           : keepaliveTime...................0
2023-10-24T13:42:13.350+09:00 DEBUG 12780 --- [           main] com.zaxxer.hikari.HikariConfig           : leakDetectionThreshold..........0
2023-10-24T13:42:13.350+09:00 DEBUG 12780 --- [           main] com.zaxxer.hikari.HikariConfig           : maxLifetime.....................1800000
2023-10-24T13:42:13.350+09:00 DEBUG 12780 --- [           main] com.zaxxer.hikari.HikariConfig           : maximumPoolSize.................10
2023-10-24T13:42:13.350+09:00 DEBUG 12780 --- [           main] com.zaxxer.hikari.HikariConfig           : metricRegistry..................none
2023-10-24T13:42:13.350+09:00 DEBUG 12780 --- [           main] com.zaxxer.hikari.HikariConfig           : metricsTrackerFactory...........none
2023-10-24T13:42:13.350+09:00 DEBUG 12780 --- [           main] com.zaxxer.hikari.HikariConfig           : minimumIdle.....................10
2023-10-24T13:42:13.351+09:00 DEBUG 12780 --- [           main] com.zaxxer.hikari.HikariConfig           : password........................<masked>
2023-10-24T13:42:13.351+09:00 DEBUG 12780 --- [           main] com.zaxxer.hikari.HikariConfig           : poolName........................"HikariPool-1"
2023-10-24T13:42:13.351+09:00 DEBUG 12780 --- [           main] com.zaxxer.hikari.HikariConfig           : readOnly........................false
2023-10-24T13:42:13.351+09:00 DEBUG 12780 --- [           main] com.zaxxer.hikari.HikariConfig           : registerMbeans..................false
2023-10-24T13:42:13.351+09:00 DEBUG 12780 --- [           main] com.zaxxer.hikari.HikariConfig           : scheduledExecutor...............none
2023-10-24T13:42:13.351+09:00 DEBUG 12780 --- [           main] com.zaxxer.hikari.HikariConfig           : schema..........................none
2023-10-24T13:42:13.351+09:00 DEBUG 12780 --- [           main] com.zaxxer.hikari.HikariConfig           : threadFactory...................internal
2023-10-24T13:42:13.351+09:00 DEBUG 12780 --- [           main] com.zaxxer.hikari.HikariConfig           : transactionIsolation............default
2023-10-24T13:42:13.352+09:00 DEBUG 12780 --- [           main] com.zaxxer.hikari.HikariConfig           : username........................"postgres"
2023-10-24T13:42:13.352+09:00 DEBUG 12780 --- [           main] com.zaxxer.hikari.HikariConfig           : validationTimeout...............5000
2023-10-24T13:42:13.352+09:00  INFO 12780 --- [           main] com.zaxxer.hikari.HikariDataSource       : HikariPool-1 - Starting...
2023-10-24T13:42:13.704+09:00  INFO 12780 --- [           main] com.zaxxer.hikari.pool.HikariPool        : HikariPool-1 - Added connection org.postgresql.jdbc.PgConnection@77cb452c
2023-10-24T13:42:13.706+09:00  INFO 12780 --- [           main] com.zaxxer.hikari.HikariDataSource       : HikariPool-1 - Start completed.
2023-10-24T13:42:13.759+09:00  INFO 12780 --- [           main] o.hibernate.jpa.internal.util.LogHelper  : HHH000204: Processing PersistenceUnitInfo [name: default]
2023-10-24T13:42:13.812+09:00 DEBUG 12780 --- [l-1 housekeeper] com.zaxxer.hikari.pool.HikariPool        : HikariPool-1 - Pool stats (total=1, active=0, idle=1, waiting=0)
2023-10-24T13:42:13.853+09:00  INFO 12780 --- [           main] org.hibernate.Version                    : HHH000412: Hibernate ORM core version 6.2.9.Final
2023-10-24T13:42:13.858+09:00  INFO 12780 --- [           main] org.hibernate.cfg.Environment            : HHH000406: Using bytecode reflection optimizer
2023-10-24T13:42:13.900+09:00 DEBUG 12780 --- [onnection adder] com.zaxxer.hikari.pool.HikariPool        : HikariPool-1 - Added connection org.postgresql.jdbc.PgConnection@19666741
2023-10-24T13:42:14.004+09:00 DEBUG 12780 --- [onnection adder] com.zaxxer.hikari.pool.HikariPool        : HikariPool-1 - Added connection org.postgresql.jdbc.PgConnection@17a19a1d
2023-10-24T13:42:14.084+09:00 DEBUG 12780 --- [onnection adder] com.zaxxer.hikari.pool.HikariPool        : HikariPool-1 - Added connection org.postgresql.jdbc.PgConnection@7ceab9db
2023-10-24T13:42:14.099+09:00  INFO 12780 --- [           main] o.h.b.i.BytecodeProviderInitiator        : HHH000021: Bytecode provider name : bytebuddy
2023-10-24T13:42:14.164+09:00 DEBUG 12780 --- [onnection adder] com.zaxxer.hikari.pool.HikariPool        : HikariPool-1 - Added connection org.postgresql.jdbc.PgConnection@6700a529
2023-10-24T13:42:14.240+09:00 DEBUG 12780 --- [onnection adder] com.zaxxer.hikari.pool.HikariPool        : HikariPool-1 - Added connection org.postgresql.jdbc.PgConnection@49cd27c
2023-10-24T13:42:14.323+09:00 DEBUG 12780 --- [onnection adder] com.zaxxer.hikari.pool.HikariPool        : HikariPool-1 - Added connection org.postgresql.jdbc.PgConnection@36b36f69
2023-10-24T13:42:14.343+09:00  INFO 12780 --- [           main] o.s.o.j.p.SpringPersistenceUnitInfo      : No LoadTimeWeaver setup: ignoring JPA class transformer
2023-10-24T13:42:14.413+09:00 DEBUG 12780 --- [onnection adder] com.zaxxer.hikari.pool.HikariPool        : HikariPool-1 - Added connection org.postgresql.jdbc.PgConnection@1f3e2c05
2023-10-24T13:42:14.512+09:00 DEBUG 12780 --- [onnection adder] com.zaxxer.hikari.pool.HikariPool        : HikariPool-1 - Added connection org.postgresql.jdbc.PgConnection@7d75fb26
2023-10-24T13:42:14.622+09:00 DEBUG 12780 --- [onnection adder] com.zaxxer.hikari.pool.HikariPool        : HikariPool-1 - Added connection org.postgresql.jdbc.PgConnection@1f98d9c6
2023-10-24T13:42:14.646+09:00 DEBUG 12780 --- [onnection adder] com.zaxxer.hikari.pool.HikariPool        : HikariPool-1 - After adding stats (total=10, active=0, idle=10, waiting=0)
2023-10-24T13:42:14.710+09:00  INFO 12780 --- [           main] o.h.b.i.BytecodeProviderInitiator        : HHH000021: Bytecode provider name : bytebuddy
2023-10-24T13:42:15.154+09:00  INFO 12780 --- [           main] o.h.e.t.j.p.i.JtaPlatformInitiator       : HHH000490: Using JtaPlatform implementation: [org.hibernate.engine.transaction.jta.platform.internal.NoJtaPlatform]
2023-10-24T13:42:15.156+09:00  INFO 12780 --- [           main] j.LocalContainerEntityManagerFactoryBean : Initialized JPA EntityManagerFactory for persistence unit 'default'
2023-10-24T13:42:15.682+09:00  WARN 12780 --- [           main] JpaBaseConfiguration$JpaWebConfiguration : spring.jpa.open-in-view is enabled by default. Therefore, database queries may be performed during view rendering. Explicitly configure spring.jpa.open-in-view to disable this warning
2023-10-24T13:42:15.867+09:00  INFO 12780 --- [           main] o.s.s.web.DefaultSecurityFilterChain     : Will secure any request with [org.springframework.security.web.session.DisableEncodeUrlFilter@43b74979, org.springframework.security.web.context.request.async.WebAsyncManagerIntegrationFilter@659ac28c, org.springframework.security.web.context.SecurityContextHolderFilter@72ea6fcb, org.springframework.security.web.header.HeaderWriterFilter@6f6c6c70, org.springframework.security.web.csrf.CsrfFilter@1921b43c, org.springframework.security.web.authentication.logout.LogoutFilter@6c4e486e, org.springframework.security.web.authentication.UsernamePasswordAuthenticationFilter@27ac3b6d, org.springframework.security.web.savedrequest.RequestCacheAwareFilter@4154ecd3, org.springframework.security.web.servletapi.SecurityContextHolderAwareRequestFilter@2a666c8e, org.springframework.security.web.authentication.AnonymousAuthenticationFilter@60688a97, org.springframework.security.web.access.ExceptionTranslationFilter@2823b7c5, org.springframework.security.web.access.intercept.AuthorizationFilter@7a2ffb0b]
2023-10-24T13:42:16.221+09:00 DEBUG 12780 --- [           main] s.w.s.m.m.a.RequestMappingHandlerAdapter : ControllerAdvice beans: 0 @ModelAttribute, 0 @InitBinder, 1 RequestBodyAdvice, 1 ResponseBodyAdvice
2023-10-24T13:42:16.267+09:00  INFO 12780 --- [           main] o.s.b.a.w.s.WelcomePageHandlerMapping    : Adding welcome page template: index
2023-10-24T13:42:16.336+09:00 DEBUG 12780 --- [           main] s.w.s.m.m.a.RequestMappingHandlerMapping : 14 mappings in 'requestMappingHandlerMapping'
2023-10-24T13:42:16.360+09:00 DEBUG 12780 --- [           main] o.s.w.s.handler.SimpleUrlHandlerMapping  : Patterns [/webjars/**, /**] in 'resourceHandlerMapping'
2023-10-24T13:42:16.370+09:00 DEBUG 12780 --- [           main] .m.m.a.ExceptionHandlerExceptionResolver : ControllerAdvice beans: 0 @ExceptionHandler, 1 ResponseBodyAdvice
2023-10-24T13:42:16.535+09:00  INFO 12780 --- [           main] c.e.d.NutritionAppJava2ApplicationTests  : Started NutritionAppJava2ApplicationTests in 4.927 seconds (process running for 5.934)
]]></system-out>
  </testcase>
</testsuite>